0 verbose cli C:\Program Files\nodejs\node.exe C:\Program Files\nodejs\node_modules\npm\bin\npm-cli.js
1 info using npm@10.9.2
2 info using node@v22.17.0
3 silly config load:file:C:\Program Files\nodejs\node_modules\npm\npmrc
4 silly config load:file:C:\Users\visha\Codes\sukrut-3.0\.npmrc
5 silly config load:file:C:\Users\visha\.npmrc
6 silly config load:file:C:\Users\visha\AppData\Roaming\npm\etc\npmrc
7 verbose title npm install nodemailer
8 verbose argv "install" "nodemailer" "--cache" ".npm" "--prefer-offline"
9 verbose logfile logs-max:10 dir:C:\Users\visha\Codes\sukrut-3.0\.npm\_logs\2026-01-26T16_04_05_235Z-
10 verbose logfile C:\Users\visha\Codes\sukrut-3.0\.npm\_logs\2026-01-26T16_04_05_235Z-debug-0.log
11 silly logfile done cleaning log files
12 http fetch GET https://registry.npmjs.org/npm attempt 1 failed with ECONNREFUSED
13 silly packumentCache heap:4345298944 maxSize:1086324736 maxEntrySize:543162368
14 silly idealTree buildDeps
15 silly fetch manifest @vladmandic/face-api@^1.7.15
16 silly packumentCache full:https://registry.npmjs.org/@vladmandic%2fface-api cache-miss
17 silly fetch manifest nodemailer@*
18 silly packumentCache full:https://registry.npmjs.org/nodemailer cache-miss
19 silly placeDep ROOT @vladmandic/face-api@ OK for: sukrut_nextjs@0.1.0 want: ^1.7.15
20 silly placeDep ROOT nodemailer@ OK for: sukrut_nextjs@0.1.0 want: *
21 verbose stack Error: request to https://registry.npmjs.org/@vladmandic%2fface-api failed: cache mode is 'only-if-cached' but no cached response is available.
21 verbose stack     at cacheFetch (C:\Program Files\nodejs\node_modules\npm\node_modules\make-fetch-happen\lib\cache\index.js:12:13)
21 verbose stack     at async fetch (C:\Program Files\nodejs\node_modules\npm\node_modules\make-fetch-happen\lib\fetch.js:98:7)
21 verbose stack     at async RegistryFetcher.packument (C:\Program Files\nodejs\node_modules\npm\node_modules\pacote\lib\registry.js:90:19)
21 verbose stack     at async RegistryFetcher.manifest (C:\Program Files\nodejs\node_modules\npm\node_modules\pacote\lib\registry.js:128:23)
21 verbose stack     at async #fetchManifest (C:\Program Files\nodejs\node_modules\npm\node_modules\@npmcli\arborist\lib\arborist\build-ideal-tree.js:1202:20)
21 verbose stack     at async #nodeFromEdge (C:\Program Files\nodejs\node_modules\npm\node_modules\@npmcli\arborist\lib\arborist\build-ideal-tree.js:1040:19)
21 verbose stack     at async #buildDepStep (C:\Program Files\nodejs\node_modules\npm\node_modules\@npmcli\arborist\lib\arborist\build-ideal-tree.js:904:11)
21 verbose stack     at async Arborist.buildIdealTree (C:\Program Files\nodejs\node_modules\npm\node_modules\@npmcli\arborist\lib\arborist\build-ideal-tree.js:181:7)
21 verbose stack     at async Promise.all (index 1)
21 verbose stack     at async Arborist.reify (C:\Program Files\nodejs\node_modules\npm\node_modules\@npmcli\arborist\lib\arborist\reify.js:131:5)
22 error code ENOTCACHED
23 error request to https://registry.npmjs.org/@vladmandic%2fface-api failed: cache mode is 'only-if-cached' but no cached response is available.
24 silly unfinished npm timer reify 1769443446087
25 silly unfinished npm timer reify:loadTrees 1769443446088
26 verbose cwd C:\Users\visha\Codes\sukrut-3.0
27 verbose os Windows_NT 10.0.26200
28 verbose node v22.17.0
29 verbose npm  v10.9.2
30 verbose exit 1
31 verbose code 1
32 error A complete log of this run can be found in: C:\Users\visha\Codes\sukrut-3.0\.npm\_logs\2026-01-26T16_04_05_235Z-debug-0.log
